 PASS...6.1.1-1 (CONF001)
 PASS...6.1.1-2 (CONF002)
 PASS...6.1.1-2 (CONF002)
 PASS...6.1.2-1 (CONF004)
 PASS...6.1.2-1 (CONF004)
 PASS...6.1.2-3 (CONF006)
 PASS...6.1.3-1 (CONF007)
 PASS...6.1.3-2 (CONF008)
 PASS...6.1.5-1 (CONF009)
 PASS...6.1.5-2 (CONF010)
 PASS...6.1.6-1 (CONF011)
 PASS...6.1.6-2 (CONF012)
 PASS...6.1.6-3 (CONF013)
 PASS...6.1.7-1 (CONF014)
 PASS...6.1.7-2 (CONF015)
 PASS...6.1.7-3 (CONF016)
 PASS...6.1.8-1 (CONF017)
 PASS...6.1.8-2 (CONF018)
 PASS...6.1.9-1 (CONF019)
 PASS...6.1.9-2 (CONF020)
 PASS...6.1.9-3 (CONF021)
 PASS...6.2.1-1 (CONF022)
 PASS...6.2.1-2 (CONF023)
 PASS...6.2.2-1 (CONF025)
 PASS...6.2.2-2 (CONF026)
 PASS...6.2.2-3 (CONF027)
 PASS...6.2.2-4 (CONF028)
 PASS...6.2.2-5 (CONF029)
 PASS...6.2.2-6 (CONF030)
 PASS...6.2.2-7 (CONF031)
 PASS...6.2.2-7 (CONF031)
 PASS...6.3-10 (CONF033)
 PASS...6.4.1-1 (CONF034)
 PASS...6.4.2.2-1 (CONF035)
 PASS...6.4.2.2-2 (CONF036)
 PASS...6.4.2.2-3 (CONF037)
 PASS...6.4.2.2-4 (CONF038)
 PASS...6.4.2.2-5 (CONF039)
 PASS...6.4.2.2-6 (CONF040)
 PASS...6.4.2.2-6 (CONF040)
 PASS...6.4.2.2-8 (CONF042)
 PASS...6.4.2.3-1 (CONF043)
 PASS...6.4.2.3-2 (CONF044)
 PASS...6.4.2.3-3 (CONF045)
 PASS...6.4.2.3-4 (CONF046)
 PASS...6.4.2.4-1 (CONF047)
 PASS...6.4.2.4-2 (CONF048)
 PASS...6.4.3.1-1 (CONF049)
 PASS...6.4.3.1-2 (CONF050)
 PASS...6.4.3.2-1 (CONF051)
 PASS...6.4.3.2-2 (CONF052)
 PASS...6.4.3.2-3 (CONF053)
 PASS...6.4.3.2-10 (CONF054)
 PASS...6.4.3.3-1 (CONF055)
 PASS...6.4.3.3-2 (CONF056)
 PASS...6.4.3.3-3 (CONF057)
 PASS...6.4.3.3-4 (CONF058)
 PASS...6.4.3.3-5 (CONF059)
 PASS...6.4.3.3-6 (CONF060)
 PASS...6.4.3.3-7 (CONF061)
 PASS...6.4.3.3-17 (CONF062)
 PASS...6.4.3.3-17 (CONF062)
 PASS...6.4.3.4-2 (CONF064)
 PASS...6.4.3.4-2 (CONF064)
 PASS...6.4.3.5-1 (CONF066)
 PASS...6.4.3.5-3 (CONF067)
 PASS...6.4.3.5-3 (CONF067)
 PASS...6.4.3.5-5 (CONF069)
 PASS...6.4.3.5-6 (CONF070)
 PASS...6.4.3.5-7 (CONF071)
 PASS...6.4.3.5-7 (CONF071)
 PASS...6.4.3.5-7 (CONF071)
 PASS...6.4.3.5-7 (CONF071)
 PASS...6.4.3.5-11 (CONF075)
 PASS...6.4.3.5-12 (CONF076)
 PASS...6.4.4-1 (CONF077)
 PASS...6.4.4-4 (CONF078)
 PASS...6.4.5-1 (CONF079)
 PASS...6.4.5-2 (CONF080)
 PASS...6.4.5-3 (CONF081)
 PASS...6.4.5-4 (CONF082)
 PASS...6.4.5-5 (CONF083)
 PASS...6.4.5-6 (CONF084)
 PASS...6.4.6-1 (CONF085)
 PASS...6.4.6-2 (CONF086)
 PASS...6.4.6-3 (CONF087)
 PASS...6.5.1-1 (CONF088)
 PASS...6.5.3.2-1 (CONF089)
 PASS...6.5.5-1 (CONF090)
 PASS...6.5.5-4 (CONF091)
 PASS...6.6.1-1 (CONF092)
 PASS...6.6.1-2 (CONF093)
 PASS...6.6.2-1 (CONF094)
 PASS...6.6.2-2 (CONF095)
 PASS...6.6.2-3 (CONF096)
 MESSAGE
 PASS...6.6.2-4 (CONF097)
 PASS...6.6.2-11 (CONF098)
 PASS...6.6.2-12 (CONF099)
 PASS...6.6.3.1-1 (CONF100)
 PASS...6.6.3.1-2 (CONF101)
 PASS...6.6.3.1-3 (CONF102)
 PASS...6.6.3.1-4 (CONF103)
 PASS...6.6.3.1-7 (CONF104)
 PASS...6.6.3.1-9 (CONF105)
 PASS...6.6.3.1-10 (CONF106)
 PASS...6.6.3.2-3 (CONF107)
 PASS...6.6.3.3-1 (CONF108)
 PASS...6.6.3.3-2 (CONF109)
 PASS...6.6.3.3-3 (CONF110)
 PASS...6.6.3.3-6 (CONF111)
 PASS...6.6.3.4-1 (CONF112)
 PASS...6.6.3.4-2 (CONF113)
 PASS...6.6.3.4-4 (CONF114)
 PASS...6.6.3.5-1 (CONF115)
 PASS...6.6.4.1-1 (CONF116)
 PASS...6.6.4.1-2 (CONF117)
 PASS...6.6.5.2-2 (CONF118)
 PASS...6.6.5.2-3 (CONF119)
 PASS...6.6.5.2-3 (CONF119)
 PASS...6.6.5.2-26 (CONF121)
 PASS...6.6.5.3-1 (CONF122)
 PASS...6.6.5.3-2 (CONF123)
 PASS...6.6.5.3-15 (CONF124)
 PASS...6.6.5.3-18 (CONF125)
 PASS...6.6.5.3-19 (CONF126)
 PASS...6.6.5.3-20 (CONF127)
 PASS...6.6.5.3-22 (CONF128)
 PASS...6.6.5.3-26 (CONF129)
 PASS...6.6.5.3-27 (CONF130)
 PASS...6.6.5.4-1 (CONF131)
 PASS...6.6.5.4-1 (CONF131)
 PASS...6.6.6.2-1 (CONF133)
 PASS...6.6.6.2-2 (CONF134)
 PASS...6.6.6.2-3 (CONF135)
 PASS...6.6.6.3-1 (CONF136)
 PASS...6.6.6.4-1 (CONF137)
 PASS...6.6.6.4-2 (CONF138)
 PASS...6.6.6.4-3 (CONF139)
 PASS...6.6.6.4-10 (CONF140)
 PASS...6.6.6.5-1 (CONF141)
 PASS...6.6.6.5-2 (CONF142)
 PASS...6.6.6.5-10 (CONF143)
 PASS...6.7.1-1 (CONF144)
 PASS...6.7.1-1 (CONF144)
 PASS...6.7.1-6 (CONF146)
 PASS...6.7.1-6 (CONF146)
 PASS...6.7.1-6 (CONF146)
 PASS...6.7.1-9 (CONF149)
 PASS...6.7.1-9 (CONF149)
 PASS...6.7.2.2-1 (CONF151)
 PASS...6.7.2.2-2 (CONF152)
 PASS...6.7.2.2-3 (CONF153)
 PASS...6.7.2.2-4 (CONF154)
 PASS...6.7.2.3-1 (CONF155)
 PASS...6.7.2.4-1 (CONF156)
 PASS...6.7.2.4-2 (CONF157)
 PASS...6.7.2.4-5 (CONF158)
 PASS...6.7.2.4-6 (CONF159)
 PASS...6.7.2.5-1 (CONF160)
 PASS...6.7.2.5-2 (CONF161)
 PASS...6.7.2.5-3 (CONF162)
 PASS...6.7.2.5-3 (CONF162)
 PASS...6.7.3-3 (CONF164)
 PASS...6.7.3-4 (CONF165)
 PASS...6.8.1-8 (CONF166)
 PASS...6.8.2.1-1 (CONF167)
 PASS...6.8.2.4-1 (CONF168)
 PASS...6.8.3.4-1 (CONF169)
 PASS...6.8.3.5-1 (CONF170)
 PASS...6.8.3.5-2 (CONF171)
 PASS...6.8.3.7-1 (CONF172)
 PASS...6.8.3.7-2 (CONF173)
 PASS...6.8.3.7-3 (CONF174)
 PASS...6.8.3.8-1 (CONF175)
 PASS...6.8.3.8-2 (CONF176)
 PASS...6.8.3.9-1 (CONF177)
 PASS...6.8.3.9-2 (CONF178)
 PASS...6.8.3.9-3 (CONF179)
 PASS...6.8.3.9-4 (CONF180)
 PASS...6.8.3.9-4 (CONF180)
 PASS...6.8.3.9-25 (CONF182)
 PASS...6.8.3.9-26 (CONF183)
 PASS...6.8.3.9-28 (CONF184)
 PASS...6.8.3.10-1 (CONF185)
 PASS...6.8.3.10-2 (CONF186)
 PASS...6.8.3.10-3 (CONF187)
 PASS...6.8.3.10-4 (CONF188)
 PASS...6.8.3.10-5 (CONF189)
 PASS...6.8.3.10-6 (CONF190)
 PASS...6.8.3.10-8 (CONF191)
 PASS...6.9-1 (CONF192)
 PASS...6.9-2 (CONF193)
 PASS...6.9.1-1 (CONF194)
 PASS...6.9.1-2 (CONF195)
 PASS...6.9.1-3 (CONF196)
 PASS...6.9.2-1 (CONF197)
 PASS...6.9.3-1 (CONF198)
 PASS...6.9.3-4 (CONF199)
 PASS...6.9.3-4 (CONF199)
 PASS...6.9.3.3-1 (CONF201)
 PASS...6.9.3.4.1-3 (CONF202)
 PASS...6.9.3.4.1-4 (CONF203)
 PASS...6.9.3.4.2-1 (CONF204)
 PASS...6.9.3.6-2 (CONF205)
 PASS...6.9.4-1 (CONF206)
 PAGE GENERATION TEST IF THIS LINE IS PRINTED ON THE TOP OF A NEW PAGE
 THEN PASS...6.9.5-1 (CONF207)
 ELSE FAIL...6.9.5-1 (CONF207)
 PASS...6.10-2 (CONF208)
 PASS...6.10-3 (CONF209)
 PASS...6.10-5 (CONF210)
 PASS...6.10-6 (CONF211)
 ACTION PERFORMED : W (WRITE)
 ACTION PERFORMED : C (CHECK)
 ACTION PERFORMED : E (END)
 PASS...6.10-11 (CONF212)
 ACTION PERFORMED : W (WRITE)
 ACTION PERFORMED : C (CHECK)
 ACTION PERFORMED : E (END)
 PASS...6.10-13 (CONF213)
 PASS...6.8.3.5-23 (CONF214)
 PASS...6.8.3.5-23 (CONF214)
 PASS...6.6.5.3-28 (CONF216)
 PASS...6.4.3.3-25 (CONF217)
 PASS...6.1.5-14 (CONF218)
 PASS...6.1.5-15 (CONF219)
 PASS...6.9.1-17 (CONF220)
